c:\books\excersice\algorithm\algorithm_sort\x64\debug\vc141.pdb
c:\books\excersice\algorithm\algorithm_sort\x64\debug\vc141.idb
c:\books\excersice\algorithm\algorithm_sort\x64\debug\test_bruteforce.obj
c:\books\excersice\algorithm\algorithm_sort\x64\debug\shortestpath.obj
c:\books\excersice\algorithm\algorithm_sort\x64\debug\linkedqueue.obj
c:\books\excersice\algorithm\algorithm_sort\x64\debug\graph.obj
c:\books\excersice\algorithm\algorithm_sort\x64\debug\circularqueue.obj
c:\books\excersice\algorithm\algorithm_sort\x64\debug\bruteforce.obj
c:\books\excersice\algorithm\algorithm_sort\x64\debug\priorityqueue.obj
c:\books\excersice\algorithm\algorithm_sort\x64\debug\mst.obj
c:\books\excersice\algorithm\algorithm_sort\x64\debug\disjointset.obj
c:\books\excersice\algorithm\x64\debug\algorithm_sort.ilk
c:\books\excersice\algorithm\x64\debug\algorithm_sort.exe
c:\books\excersice\algorithm\x64\debug\algorithm_sort.pdb
c:\books\excersice\algorithm\algorithm_sort\x64\debug\algorithm_sort.tlog\cl.command.1.tlog
c:\books\excersice\algorithm\algorithm_sort\x64\debug\algorithm_sort.tlog\cl.read.1.tlog
c:\books\excersice\algorithm\algorithm_sort\x64\debug\algorithm_sort.tlog\cl.write.1.tlog
c:\books\excersice\algorithm\algorithm_sort\x64\debug\algorithm_sort.tlog\link.command.1.tlog
c:\books\excersice\algorithm\algorithm_sort\x64\debug\algorithm_sort.tlog\link.read.1.tlog
c:\books\excersice\algorithm\algorithm_sort\x64\debug\algorithm_sort.tlog\link.write.1.tlog
